app/build/intermediates/manifest_merge_blame_file/debug/manifest-merger-blame-debug-report.txt
1<?xml version="1.0" encoding="utf-8"?>
2<manifest xmlns:android="http://schemas.android.com/apk/res/android"
3    package="com.example.andresapp"
4    android:versionCode="1"
5    android:versionName="1.0" >
6
7    <uses-sdk
8        android:minSdkVersion="24"
9        android:targetSdkVersion="34" />
10
11    <uses-permission android:name="android.permission.INTERNET" />
11-->src\main\AndroidManifest.xml:4:5-66
11-->src\main\AndroidManifest.xml:4:22-64
12    <uses-permission android:name="android.permission.WAKE_LOCK" />
12-->src\main\AndroidManifest.xml:6:5-68
12-->src\main\AndroidManifest.xml:6:22-65
13    <uses-permission android:name="android.permission.RECEIVE_BOOT_COMPLETED" />
13-->src\main\AndroidManifest.xml:7:5-81
13-->src\main\AndroidManifest.xml:7:22-78
14    <uses-permission android:name="android.permission.ACCESS_NOTIFICATION_POLICY" />
14-->src\main\AndroidManifest.xml:8:5-85
14-->src\main\AndroidManifest.xml:8:22-82
15    <uses-permission android:name="android.permission.ACCESS_NETWORK_STATE" />
15-->[com.google.firebase:firebase-messaging:23.1.0] AndroidManifest.xml:24:5-79
15-->[com.google.firebase:firebase-messaging:23.1.0] AndroidManifest.xml:24:22-76
16    <uses-permission android:name="android.permission.POST_NOTIFICATIONS" /> <!-- Required by older versions of Google Play services to create IID tokens -->
16-->[com.google.firebase:firebase-messaging:23.1.0] AndroidManifest.xml:25:5-77
16-->[com.google.firebase:firebase-messaging:23.1.0] AndroidManifest.xml:25:22-74
17    <uses-permission android:name="com.google.android.c2dm.permission.RECEIVE" />
17-->[com.google.firebase:firebase-messaging:23.1.0] AndroidManifest.xml:28:5-82
17-->[com.google.firebase:firebase-messaging:23.1.0] AndroidManifest.xml:28:22-79
18
19    <permission
19-->[androidx.core:core:1.9.0] AndroidManifest.xml:22:5-24:47
20        android:name="com.example.andresapp.DYNAMIC_RECEIVER_NOT_EXPORTED_PERMISSION"
20-->[androidx.core:core:1.9.0] AndroidManifest.xml:23:9-81
21        android:protectionLevel="signature" />
21-->[androidx.core:core:1.9.0] AndroidManifest.xml:24:9-44
22
23    <uses-permission android:name="com.example.andresapp.DYNAMIC_RECEIVER_NOT_EXPORTED_PERMISSION" />
23-->[androidx.core:core:1.9.0] AndroidManifest.xml:26:5-97
23-->[androidx.core:core:1.9.0] AndroidManifest.xml:26:22-94
24
25    <application
25-->src\main\AndroidManifest.xml:11:5-49:19
26        android:allowBackup="true"
26-->src\main\AndroidManifest.xml:12:9-35
27        android:appComponentFactory="androidx.core.app.CoreComponentFactory"
27-->[androidx.core:core:1.9.0] AndroidManifest.xml:28:18-86
28        android:dataExtractionRules="@xml/data_extraction_rules"
28-->src\main\AndroidManifest.xml:13:9-65
29        android:debuggable="true"
30        android:extractNativeLibs="false"
31        android:fullBackupContent="@xml/backup_rules"
31-->src\main\AndroidManifest.xml:14:9-54
32        android:icon="@mipmap/ic_launcher"
32-->src\main\AndroidManifest.xml:15:9-43
33        android:label="@string/app_name"
33-->src\main\AndroidManifest.xml:16:9-41
34        android:roundIcon="@mipmap/ic_launcher_round"
34-->src\main\AndroidManifest.xml:17:9-54
35        android:supportsRtl="true"
35-->src\main\AndroidManifest.xml:18:9-35
36        android:testOnly="true"
37        android:theme="@style/Theme.AndresApp" >
37-->src\main\AndroidManifest.xml:19:9-47
38        <receiver
38-->src\main\AndroidManifest.xml:22:9-27:20
39            android:name="com.example.andresapp.AlarmReceiver"
39-->src\main\AndroidManifest.xml:22:19-48
40            android:exported="true" >
40-->src\main\AndroidManifest.xml:23:13-36
41            <intent-filter>
41-->src\main\AndroidManifest.xml:24:13-26:29
42                <action android:name="com.example.andresapp.ALARM_ACTION" />
42-->src\main\AndroidManifest.xml:25:17-77
42-->src\main\AndroidManifest.xml:25:25-74
43            </intent-filter>
44        </receiver>
45
46        <activity
46-->src\main\AndroidManifest.xml:30:9-38:20
47            android:name="com.example.andresapp.MainActivity"
47-->src\main\AndroidManifest.xml:31:13-41
48            android:exported="true" >
48-->src\main\AndroidManifest.xml:32:13-36
49            <intent-filter>
49-->src\main\AndroidManifest.xml:33:13-37:29
50                <action android:name="android.intent.action.MAIN" />
50-->src\main\AndroidManifest.xml:34:17-69
50-->src\main\AndroidManifest.xml:34:25-66
51
52                <category android:name="android.intent.category.LAUNCHER" />
52-->src\main\AndroidManifest.xml:36:17-77
52-->src\main\AndroidManifest.xml:36:27-74
53            </intent-filter>
54        </activity>
55
56        <service
56-->src\main\AndroidManifest.xml:40:9-46:19
57            android:name="com.example.andresapp.MyFirebaseMessagingService"
57-->src\main\AndroidManifest.xml:41:13-55
58            android:exported="false" >
58-->src\main\AndroidManifest.xml:42:13-37
59            <intent-filter>
59-->src\main\AndroidManifest.xml:43:13-45:29
60                <action android:name="com.google.firebase.MESSAGING_EVENT" />
60-->src\main\AndroidManifest.xml:44:17-78
60-->src\main\AndroidManifest.xml:44:25-75
61            </intent-filter>
62        </service>
63
64        <activity android:name="com.example.andresapp.DestinationActivity" />
64-->src\main\AndroidManifest.xml:48:9-57
64-->src\main\AndroidManifest.xml:48:19-54
65
66        <receiver
66-->[com.google.firebase:firebase-messaging:23.1.0] AndroidManifest.xml:31:9-38:20
67            android:name="com.google.firebase.iid.FirebaseInstanceIdReceiver"
67-->[com.google.firebase:firebase-messaging:23.1.0] AndroidManifest.xml:32:13-78
68            android:exported="true"
68-->[com.google.firebase:firebase-messaging:23.1.0] AndroidManifest.xml:33:13-36
69            android:permission="com.google.android.c2dm.permission.SEND" >
69-->[com.google.firebase:firebase-messaging:23.1.0] AndroidManifest.xml:34:13-73
70            <intent-filter>
70-->[com.google.firebase:firebase-messaging:23.1.0] AndroidManifest.xml:35:13-37:29
71                <action android:name="com.google.android.c2dm.intent.RECEIVE" />
71-->[com.google.firebase:firebase-messaging:23.1.0] AndroidManifest.xml:36:17-81
71-->[com.google.firebase:firebase-messaging:23.1.0] AndroidManifest.xml:36:25-78
72            </intent-filter>
73        </receiver>
74        <!--
75             FirebaseMessagingService performs security checks at runtime,
76             but set to not exported to explicitly avoid allowing another app to call it.
77        -->
78        <service
78-->[com.google.firebase:firebase-messaging:23.1.0] AndroidManifest.xml:44:9-51:19
79            android:name="com.google.firebase.messaging.FirebaseMessagingService"
79-->[com.google.firebase:firebase-messaging:23.1.0] AndroidManifest.xml:45:13-82
80            android:directBootAware="true"
80-->[com.google.firebase:firebase-messaging:23.1.0] AndroidManifest.xml:46:13-43
81            android:exported="false" >
81-->[com.google.firebase:firebase-messaging:23.1.0] AndroidManifest.xml:47:13-37
82            <intent-filter android:priority="-500" >
82-->src\main\AndroidManifest.xml:43:13-45:29
83                <action android:name="com.google.firebase.MESSAGING_EVENT" />
83-->src\main\AndroidManifest.xml:44:17-78
83-->src\main\AndroidManifest.xml:44:25-75
84            </intent-filter>
85        </service>
86        <service
86-->[com.google.firebase:firebase-messaging:23.1.0] AndroidManifest.xml:52:9-58:19
87            android:name="com.google.firebase.components.ComponentDiscoveryService"
87-->[com.google.firebase:firebase-messaging:23.1.0] AndroidManifest.xml:53:13-84
88            android:directBootAware="true"
88-->[com.google.firebase:firebase-common:20.2.0] AndroidManifest.xml:34:13-43
89            android:exported="false" >
89-->[com.google.firebase:firebase-messaging:23.1.0] AndroidManifest.xml:54:13-37
90            <meta-data
90-->[com.google.firebase:firebase-messaging:23.1.0] AndroidManifest.xml:55:13-57:85
91                android:name="com.google.firebase.components:com.google.firebase.messaging.FirebaseMessagingRegistrar"
91-->[com.google.firebase:firebase-messaging:23.1.0] AndroidManifest.xml:56:17-119
92                android:value="com.google.firebase.components.ComponentRegistrar" />
92-->[com.google.firebase:firebase-messaging:23.1.0] AndroidManifest.xml:57:17-82
93            <meta-data
93-->[com.google.firebase:firebase-auth:21.0.3] AndroidManifest.xml:67:13-69:85
94                android:name="com.google.firebase.components:com.google.firebase.auth.FirebaseAuthRegistrar"
94-->[com.google.firebase:firebase-auth:21.0.3] AndroidManifest.xml:68:17-109
95                android:value="com.google.firebase.components.ComponentRegistrar" />
95-->[com.google.firebase:firebase-auth:21.0.3] AndroidManifest.xml:69:17-82
96            <meta-data
96-->[com.google.firebase:firebase-datatransport:18.1.7] AndroidManifest.xml:27:13-29:85
97                android:name="com.google.firebase.components:com.google.firebase.datatransport.TransportRegistrar"
97-->[com.google.firebase:firebase-datatransport:18.1.7] AndroidManifest.xml:28:17-115
98                android:value="com.google.firebase.components.ComponentRegistrar" />
98-->[com.google.firebase:firebase-datatransport:18.1.7] AndroidManifest.xml:29:17-82
99            <meta-data
99-->[com.google.firebase:firebase-installations:17.1.0] AndroidManifest.xml:17:13-19:85
100                android:name="com.google.firebase.components:com.google.firebase.installations.FirebaseInstallationsRegistrar"
100-->[com.google.firebase:firebase-installations:17.1.0] AndroidManifest.xml:18:17-127
101                android:value="com.google.firebase.components.ComponentRegistrar" />
101-->[com.google.firebase:firebase-installations:17.1.0] AndroidManifest.xml:19:17-82
102        </service>
103        <service
103-->[androidx.room:room-runtime:2.6.1] AndroidManifest.xml:24:9-28:63
104            android:name="androidx.room.MultiInstanceInvalidationService"
104-->[androidx.room:room-runtime:2.6.1] AndroidManifest.xml:25:13-74
105            android:directBootAware="true"
105-->[androidx.room:room-runtime:2.6.1] AndroidManifest.xml:26:13-43
106            android:exported="false" />
106-->[androidx.room:room-runtime:2.6.1] AndroidManifest.xml:27:13-37
107
108        <activity
108-->[com.google.firebase:firebase-auth:21.0.3] AndroidManifest.xml:27:9-44:20
109            android:name="com.google.firebase.auth.internal.GenericIdpActivity"
109-->[com.google.firebase:firebase-auth:21.0.3] AndroidManifest.xml:28:13-80
110            android:excludeFromRecents="true"
110-->[com.google.firebase:firebase-auth:21.0.3] AndroidManifest.xml:29:13-46
111            android:exported="true"
111-->[com.google.firebase:firebase-auth:21.0.3] AndroidManifest.xml:30:13-36
112            android:launchMode="singleTask"
112-->[com.google.firebase:firebase-auth:21.0.3] AndroidManifest.xml:31:13-44
113            android:theme="@android:style/Theme.Translucent.NoTitleBar" >
113-->[com.google.firebase:firebase-auth:21.0.3] AndroidManifest.xml:32:13-72
114            <intent-filter>
114-->[com.google.firebase:firebase-auth:21.0.3] AndroidManifest.xml:33:13-43:29
115                <action android:name="android.intent.action.VIEW" />
115-->[com.google.firebase:firebase-auth:21.0.3] AndroidManifest.xml:34:17-69
115-->[com.google.firebase:firebase-auth:21.0.3] AndroidManifest.xml:34:25-66
116
117                <category android:name="android.intent.category.DEFAULT" />
117-->[com.google.firebase:firebase-auth:21.0.3] AndroidManifest.xml:36:17-76
117-->[com.google.firebase:firebase-auth:21.0.3] AndroidManifest.xml:36:27-73
118                <category android:name="android.intent.category.BROWSABLE" />
118-->[com.google.firebase:firebase-auth:21.0.3] AndroidManifest.xml:37:17-78
118-->[com.google.firebase:firebase-auth:21.0.3] AndroidManifest.xml:37:27-75
119
120                <data
120-->[com.google.firebase:firebase-auth:21.0.3] AndroidManifest.xml:39:17-42:51
121                    android:host="firebase.auth"
121-->[com.google.firebase:firebase-auth:21.0.3] AndroidManifest.xml:40:21-49
122                    android:path="/"
122-->[com.google.firebase:firebase-auth:21.0.3] AndroidManifest.xml:41:21-37
123                    android:scheme="genericidp" />
123-->[com.google.firebase:firebase-auth:21.0.3] AndroidManifest.xml:42:21-48
124            </intent-filter>
125        </activity>
126        <activity
126-->[com.google.firebase:firebase-auth:21.0.3] AndroidManifest.xml:45:9-62:20
127            android:name="com.google.firebase.auth.internal.RecaptchaActivity"
127-->[com.google.firebase:firebase-auth:21.0.3] AndroidManifest.xml:46:13-79
128            android:excludeFromRecents="true"
128-->[com.google.firebase:firebase-auth:21.0.3] AndroidManifest.xml:47:13-46
129            android:exported="true"
129-->[com.google.firebase:firebase-auth:21.0.3] AndroidManifest.xml:48:13-36
130            android:launchMode="singleTask"
130-->[com.google.firebase:firebase-auth:21.0.3] AndroidManifest.xml:49:13-44
131            android:theme="@android:style/Theme.Translucent.NoTitleBar" >
131-->[com.google.firebase:firebase-auth:21.0.3] AndroidManifest.xml:50:13-72
132            <intent-filter>
132-->[com.google.firebase:firebase-auth:21.0.3] AndroidManifest.xml:51:13-61:29
133                <action android:name="android.intent.action.VIEW" />
133-->[com.google.firebase:firebase-auth:21.0.3] AndroidManifest.xml:34:17-69
133-->[com.google.firebase:firebase-auth:21.0.3] AndroidManifest.xml:34:25-66
134
135                <category android:name="android.intent.category.DEFAULT" />
135-->[com.google.firebase:firebase-auth:21.0.3] AndroidManifest.xml:36:17-76
135-->[com.google.firebase:firebase-auth:21.0.3] AndroidManifest.xml:36:27-73
136                <category android:name="android.intent.category.BROWSABLE" />
136-->[com.google.firebase:firebase-auth:21.0.3] AndroidManifest.xml:37:17-78
136-->[com.google.firebase:firebase-auth:21.0.3] AndroidManifest.xml:37:27-75
137
138                <data
138-->[com.google.firebase:firebase-auth:21.0.3] AndroidManifest.xml:39:17-42:51
139                    android:host="firebase.auth"
139-->[com.google.firebase:firebase-auth:21.0.3] AndroidManifest.xml:40:21-49
140                    android:path="/"
140-->[com.google.firebase:firebase-auth:21.0.3] AndroidManifest.xml:41:21-37
141                    android:scheme="recaptcha" />
141-->[com.google.firebase:firebase-auth:21.0.3] AndroidManifest.xml:42:21-48
142            </intent-filter>
143        </activity>
144
145        <provider
145-->[androidx.emoji2:emoji2:1.2.0] AndroidManifest.xml:24:9-32:20
146            android:name="androidx.startup.InitializationProvider"
146-->[androidx.emoji2:emoji2:1.2.0] AndroidManifest.xml:25:13-67
147            android:authorities="com.example.andresapp.androidx-startup"
147-->[androidx.emoji2:emoji2:1.2.0] AndroidManifest.xml:26:13-68
148            android:exported="false" >
148-->[androidx.emoji2:emoji2:1.2.0] AndroidManifest.xml:27:13-37
149            <meta-data
149-->[androidx.emoji2:emoji2:1.2.0] AndroidManifest.xml:29:13-31:52
150                android:name="androidx.emoji2.text.EmojiCompatInitializer"
150-->[androidx.emoji2:emoji2:1.2.0] AndroidManifest.xml:30:17-75
151                android:value="androidx.startup" />
151-->[androidx.emoji2:emoji2:1.2.0] AndroidManifest.xml:31:17-49
152            <meta-data
152-->[androidx.lifecycle:lifecycle-process:2.6.1] AndroidManifest.xml:29:13-31:52
153                android:name="androidx.lifecycle.ProcessLifecycleInitializer"
153-->[androidx.lifecycle:lifecycle-process:2.6.1] AndroidManifest.xml:30:17-78
154                android:value="androidx.startup" />
154-->[androidx.lifecycle:lifecycle-process:2.6.1] AndroidManifest.xml:31:17-49
155            <meta-data
155-->[androidx.profileinstaller:profileinstaller:1.3.0] AndroidManifest.xml:29:13-31:52
156                android:name="androidx.profileinstaller.ProfileInstallerInitializer"
156-->[androidx.profileinstaller:profileinstaller:1.3.0] AndroidManifest.xml:30:17-85
157                android:value="androidx.startup" />
157-->[androidx.profileinstaller:profileinstaller:1.3.0] AndroidManifest.xml:31:17-49
158        </provider>
159
160        <activity
160-->[com.google.android.gms:play-services-base:18.0.1] AndroidManifest.xml:20:9-22:45
161            android:name="com.google.android.gms.common.api.GoogleApiActivity"
161-->[com.google.android.gms:play-services-base:18.0.1] AndroidManifest.xml:20:19-85
162            android:exported="false"
162-->[com.google.android.gms:play-services-base:18.0.1] AndroidManifest.xml:22:19-43
163            android:theme="@android:style/Theme.Translucent.NoTitleBar" />
163-->[com.google.android.gms:play-services-base:18.0.1] AndroidManifest.xml:21:19-78
164
165        <provider
165-->[com.google.firebase:firebase-common:20.2.0] AndroidManifest.xml:25:9-30:39
166            android:name="com.google.firebase.provider.FirebaseInitProvider"
166-->[com.google.firebase:firebase-common:20.2.0] AndroidManifest.xml:26:13-77
167            android:authorities="com.example.andresapp.firebaseinitprovider"
167-->[com.google.firebase:firebase-common:20.2.0] AndroidManifest.xml:27:13-72
168            android:directBootAware="true"
168-->[com.google.firebase:firebase-common:20.2.0] AndroidManifest.xml:28:13-43
169            android:exported="false"
169-->[com.google.firebase:firebase-common:20.2.0] AndroidManifest.xml:29:13-37
170            android:initOrder="100" />
170-->[com.google.firebase:firebase-common:20.2.0] AndroidManifest.xml:30:13-36
171
172        <meta-data
172-->[com.google.android.gms:play-services-basement:18.1.0] AndroidManifest.xml:21:9-23:69
173            android:name="com.google.android.gms.version"
173-->[com.google.android.gms:play-services-basement:18.1.0] AndroidManifest.xml:22:13-58
174            android:value="@integer/google_play_services_version" />
174-->[com.google.android.gms:play-services-basement:18.1.0] AndroidManifest.xml:23:13-66
175
176        <service
176-->[com.google.android.datatransport:transport-backend-cct:3.1.8] AndroidManifest.xml:28:9-34:19
177            android:name="com.google.android.datatransport.runtime.backends.TransportBackendDiscovery"
177-->[com.google.android.datatransport:transport-backend-cct:3.1.8] AndroidManifest.xml:29:13-103
178            android:exported="false" >
178-->[com.google.android.datatransport:transport-backend-cct:3.1.8] AndroidManifest.xml:30:13-37
179            <meta-data
179-->[com.google.android.datatransport:transport-backend-cct:3.1.8] AndroidManifest.xml:31:13-33:39
180                android:name="backend:com.google.android.datatransport.cct.CctBackendFactory"
180-->[com.google.android.datatransport:transport-backend-cct:3.1.8] AndroidManifest.xml:32:17-94
181                android:value="cct" />
181-->[com.google.android.datatransport:transport-backend-cct:3.1.8] AndroidManifest.xml:33:17-36
182        </service>
183        <service
183-->[com.google.android.datatransport:transport-runtime:3.1.8] AndroidManifest.xml:26:9-30:19
184            android:name="com.google.android.datatransport.runtime.scheduling.jobscheduling.JobInfoSchedulerService"
184-->[com.google.android.datatransport:transport-runtime:3.1.8] AndroidManifest.xml:27:13-117
185            android:exported="false"
185-->[com.google.android.datatransport:transport-runtime:3.1.8] AndroidManifest.xml:28:13-37
186            android:permission="android.permission.BIND_JOB_SERVICE" >
186-->[com.google.android.datatransport:transport-runtime:3.1.8] AndroidManifest.xml:29:13-69
187        </service>
188
189        <receiver
189-->[com.google.android.datatransport:transport-runtime:3.1.8] AndroidManifest.xml:32:9-34:40
190            android:name="com.google.android.datatransport.runtime.scheduling.jobscheduling.AlarmManagerSchedulerBroadcastReceiver"
190-->[com.google.android.datatransport:transport-runtime:3.1.8] AndroidManifest.xml:33:13-132
191            android:exported="false" />
191-->[com.google.android.datatransport:transport-runtime:3.1.8] AndroidManifest.xml:34:13-37
192        <receiver
192-->[androidx.profileinstaller:profileinstaller:1.3.0] AndroidManifest.xml:34:9-52:20
193            android:name="androidx.profileinstaller.ProfileInstallReceiver"
193-->[androidx.profileinstaller:profileinstaller:1.3.0] AndroidManifest.xml:35:13-76
194            android:directBootAware="false"
194-->[androidx.profileinstaller:profileinstaller:1.3.0] AndroidManifest.xml:36:13-44
195            android:enabled="true"
195-->[androidx.profileinstaller:profileinstaller:1.3.0] AndroidManifest.xml:37:13-35
196            android:exported="true"
196-->[androidx.profileinstaller:profileinstaller:1.3.0] AndroidManifest.xml:38:13-36
197            android:permission="android.permission.DUMP" >
197-->[androidx.profileinstaller:profileinstaller:1.3.0] AndroidManifest.xml:39:13-57
198            <intent-filter>
198-->[androidx.profileinstaller:profileinstaller:1.3.0] AndroidManifest.xml:40:13-42:29
199                <action android:name="androidx.profileinstaller.action.INSTALL_PROFILE" />
199-->[androidx.profileinstaller:profileinstaller:1.3.0] AndroidManifest.xml:41:17-91
199-->[androidx.profileinstaller:profileinstaller:1.3.0] AndroidManifest.xml:41:25-88
200            </intent-filter>
201            <intent-filter>
201-->[androidx.profileinstaller:profileinstaller:1.3.0] AndroidManifest.xml:43:13-45:29
202                <action android:name="androidx.profileinstaller.action.SKIP_FILE" />
202-->[androidx.profileinstaller:profileinstaller:1.3.0] AndroidManifest.xml:44:17-85
202-->[androidx.profileinstaller:profileinstaller:1.3.0] AndroidManifest.xml:44:25-82
203            </intent-filter>
204            <intent-filter>
204-->[androidx.profileinstaller:profileinstaller:1.3.0] AndroidManifest.xml:46:13-48:29
205                <action android:name="androidx.profileinstaller.action.SAVE_PROFILE" />
205-->[androidx.profileinstaller:profileinstaller:1.3.0] AndroidManifest.xml:47:17-88
205-->[androidx.profileinstaller:profileinstaller:1.3.0] AndroidManifest.xml:47:25-85
206            </intent-filter>
207            <intent-filter>
207-->[androidx.profileinstaller:profileinstaller:1.3.0] AndroidManifest.xml:49:13-51:29
208                <action android:name="androidx.profileinstaller.action.BENCHMARK_OPERATION" />
208-->[androidx.profileinstaller:profileinstaller:1.3.0] AndroidManifest.xml:50:17-95
208-->[androidx.profileinstaller:profileinstaller:1.3.0] AndroidManifest.xml:50:25-92
209            </intent-filter>
210        </receiver>
211    </application>
212
213</manifest>